<<<<<<< HEAD
<?xml version="1.0" encoding="UTF-8"?>
<testsuite name="com.example.demo.ProjectApplicationTests" tests="1" skipped="0" failures="0" errors="0" timestamp="2024-11-05T05:11:06" hostname="DESKTOP-RRVGTI1" time="0.194">
  <properties/>
  <testcase name="contextLoads()" classname="com.example.demo.ProjectApplicationTests" time="0.194"/>
  <system-out><![CDATA[14:11:04.191 [Test worker] DEBUG org.springframework.test.context.BootstrapUtils - Instantiating CacheAwareContextLoaderDelegate from class [org.springframework.test.context.cache.DefaultCacheAwareContextLoaderDelegate]
14:11:04.202 [Test worker] DEBUG org.springframework.test.context.BootstrapUtils - Instantiating BootstrapContext using constructor [public org.springframework.test.context.support.DefaultBootstrapContext(java.lang.Class,org.springframework.test.context.CacheAwareContextLoaderDelegate)]
14:11:04.225 [Test worker] DEBUG org.springframework.test.context.BootstrapUtils - Instantiating TestContextBootstrapper for test class [com.example.demo.ProjectApplicationTests] from class [org.springframework.boot.test.context.SpringBootTestContextBootstrapper]
14:11:04.235 [Test worker] INFO org.springframework.boot.test.context.SpringBootTestContextBootstrapper - Neither @ContextConfiguration nor @ContextHierarchy found for test class [com.example.demo.ProjectApplicationTests], using SpringBootContextLoader
14:11:04.238 [Test worker] DEBUG org.springframework.test.context.support.AbstractContextLoader - Did not detect default resource location for test class [com.example.demo.ProjectApplicationTests]: class path resource [com/example/demo/ProjectApplicationTests-context.xml] does not exist
14:11:04.239 [Test worker] DEBUG org.springframework.test.context.support.AbstractContextLoader - Did not detect default resource location for test class [com.example.demo.ProjectApplicationTests]: class path resource [com/example/demo/ProjectApplicationTestsContext.groovy] does not exist
14:11:04.239 [Test worker] INFO org.springframework.test.context.support.AbstractContextLoader - Could not detect default resource locations for test class [com.example.demo.ProjectApplicationTests]: no resource found for suffixes {-context.xml, Context.groovy}.
14:11:04.239 [Test worker] INFO org.springframework.test.context.support.AnnotationConfigContextLoaderUtils - Could not detect default configuration classes for test class [com.example.demo.ProjectApplicationTests]: ProjectApplicationTests does not declare any static, non-private, non-final, nested classes annotated with @Configuration.
14:11:04.271 [Test worker] DEBUG org.springframework.test.context.support.ActiveProfilesUtils - Could not find an 'annotation declaring class' for annotation type [org.springframework.test.context.ActiveProfiles] and class [com.example.demo.ProjectApplicationTests]
14:11:04.324 [Test worker] DEBUG org.springframework.context.annotation.ClassPathScanningCandidateComponentProvider - Identified candidate component class: file [C:\vscode\GItSallybox\sallybox\back\build\classes\java\main\com\example\demo\ProjectApplication.class]
14:11:04.325 [Test worker] INFO org.springframework.boot.test.context.SpringBootTestContextBootstrapper - Found @SpringBootConfiguration com.example.demo.ProjectApplication for test class com.example.demo.ProjectApplicationTests
14:11:04.395 [Test worker] DEBUG org.springframework.boot.test.context.SpringBootTestContextBootstrapper - @TestExecutionListeners is not present for class [com.example.demo.ProjectApplicationTests]: using defaults.
14:11:04.396 [Test worker] INFO org.springframework.boot.test.context.SpringBootTestContextBootstrapper - Loaded default TestExecutionListener class names from location [META-INF/spring.factories]: [org.springframework.boot.test.autoconfigure.restdocs.RestDocsTestExecutionListener, org.springframework.boot.test.autoconfigure.web.client.MockRestServiceServerResetTestExecutionListener, org.springframework.boot.test.autoconfigure.web.servlet.MockMvcPrintOnlyOnFailureTestExecutionListener, org.springframework.boot.test.autoconfigure.web.servlet.WebDriverTestExecutionListener, org.springframework.boot.test.autoconfigure.webservices.client.MockWebServiceServerTestExecutionListener, org.springframework.boot.test.mock.mockito.MockitoTestExecutionListener, org.springframework.boot.test.mock.mockito.ResetMocksTestExecutionListener, org.springframework.test.context.web.ServletTestExecutionListener, org.springframework.test.context.support.DirtiesContextBeforeModesTestExecutionListener, org.springframework.test.context.event.ApplicationEventsTestExecutionListener, org.springframework.test.context.support.DependencyInjectionTestExecutionListener, org.springframework.test.context.support.DirtiesContextTestExecutionListener, org.springframework.test.context.transaction.TransactionalTestExecutionListener, org.springframework.test.context.jdbc.SqlScriptsTestExecutionListener, org.springframework.test.context.event.EventPublishingTestExecutionListener]
14:11:04.408 [Test worker] INFO org.springframework.boot.test.context.SpringBootTestContextBootstrapper - Using TestExecutionListeners: [org.springframework.test.context.web.ServletTestExecutionListener@74f5ce22, org.springframework.test.context.support.DirtiesContextBeforeModesTestExecutionListener@25aca718, org.springframework.test.context.event.ApplicationEventsTestExecutionListener@16fdec90, org.springframework.boot.test.mock.mockito.MockitoTestExecutionListener@1afdd473, org.springframework.boot.test.autoconfigure.SpringBootDependencyInjectionTestExecutionListener@40238dd0, org.springframework.test.context.support.DirtiesContextTestExecutionListener@7776ab, org.springframework.test.context.transaction.TransactionalTestExecutionListener@79179359, org.springframework.test.context.jdbc.SqlScriptsTestExecutionListener@dbd8e44, org.springframework.test.context.event.EventPublishingTestExecutionListener@51acdf2e, org.springframework.boot.test.autoconfigure.restdocs.RestDocsTestExecutionListener@6a55299e, org.springframework.boot.test.autoconfigure.web.client.MockRestServiceServerResetTestExecutionListener@2f1de2d6, org.springframework.boot.test.autoconfigure.web.servlet.MockMvcPrintOnlyOnFailureTestExecutionListener@4eb386df, org.springframework.boot.test.autoconfigure.web.servlet.WebDriverTestExecutionListener@79517588, org.springframework.boot.test.autoconfigure.webservices.client.MockWebServiceServerTestExecutionListener@3a0baae5, org.springframework.boot.test.mock.mockito.ResetMocksTestExecutionListener@7ac0e420]
14:11:04.411 [Test worker] DEBUG org.springframework.test.context.support.AbstractDirtiesContextTestExecutionListener - Before test class: context [DefaultTestContext@6fb365ed testClass = ProjectApplicationTests, testInstance = [null], testMethod = [null], testException = [null], mergedContextConfiguration = [WebMergedContextConfiguration@6e950bcf testClass = ProjectApplicationTests, locations = '{}', classes = '{class com.example.demo.ProjectApplication}', contextInitializerClasses = '[]', activeProfiles = '{}', propertySourceLocations = '{}', propertySourceProperties = '{org.springframework.boot.test.context.SpringBootTestContextBootstrapper=true}', contextCustomizers = set[org.springframework.boot.test.autoconfigure.actuate.metrics.MetricsExportContextCustomizerFactory$DisableMetricExportContextCustomizer@5884a914, org.springframework.boot.test.autoconfigure.properties.PropertyMappingContextCustomizer@0, org.springframework.boot.test.autoconfigure.web.servlet.WebDriverContextCustomizerFactory$Customizer@2657d4dd, org.springframework.boot.test.context.filter.ExcludeFilterContextCustomizer@387a8303, org.springframework.boot.test.json.DuplicateJsonObjectContextCustomizerFactory$DuplicateJsonObjectContextCustomizer@57db2b13, org.springframework.boot.test.mock.mockito.MockitoContextCustomizer@0, org.springframework.boot.test.web.client.TestRestTemplateContextCustomizer@d2de489, org.springframework.boot.test.context.SpringBootTestArgs@1, org.springframework.boot.test.context.SpringBootTestWebEnvironment@15c43bd9], resourceBasePath = 'src/main/webapp', contextLoader = 'org.springframework.boot.test.context.SpringBootContextLoader', parent = [null]], attributes = map['org.springframework.test.context.web.ServletTestExecutionListener.activateListener' -> true]], class annotated with @DirtiesContext [false] with mode [null].

  .   ____          _            __ _ _
 /\\ / ___'_ __ _ _(_)_ __  __ _ \ \ \ \
( ( )\___ | '_ | '_| | '_ \/ _` | \ \ \ \
 \\/  ___)| |_)| | | | | || (_| |  ) ) ) )
  '  |____| .__|_| |_|_| |_\__, | / / / /
 =========|_|==============|___/=/_/_/_/
 :: Spring Boot ::                (v2.7.7)

2024-11-05 14:11:04.638  INFO 21028 --- [    Test worker] c.example.demo.ProjectApplicationTests   : Starting ProjectApplicationTests using Java 1.8.0_391 on DESKTOP-RRVGTI1 with PID 21028 (started by itwill in C:\vscode\GItSallybox\sallybox\back)
2024-11-05 14:11:04.639  INFO 21028 --- [    Test worker] c.example.demo.ProjectApplicationTests   : No active profile set, falling back to 1 default profile: "default"
2024-11-05 14:11:05.887  INFO 21028 --- [    Test worker] o.s.s.web.DefaultSecurityFilterChain     : Will secure any request with [org.springframework.security.web.session.DisableEncodeUrlFilter@106d77da, org.springframework.security.web.context.request.async.WebAsyncManagerIntegrationFilter@6f9c5048, org.springframework.security.web.context.SecurityContextPersistenceFilter@4784efd9, org.springframework.security.web.header.HeaderWriterFilter@70211df5, org.springframework.security.web.authentication.logout.LogoutFilter@6c101cc1, com.example.demo.filter.JwtRequestFilter@5114b7c7, org.springframework.security.web.savedrequest.RequestCacheAwareFilter@427ae189, org.springframework.security.web.servletapi.SecurityContextHolderAwareRequestFilter@76332405, org.springframework.security.web.authentication.AnonymousAuthenticationFilter@dd71b20, org.springframework.security.web.session.SessionManagementFilter@69d23296, org.springframework.security.web.access.ExceptionTranslationFilter@2a367e93, org.springframework.security.web.access.intercept.FilterSecurityInterceptor@642413d4]
2024-11-05 14:11:06.620  INFO 21028 --- [    Test worker] c.example.demo.ProjectApplicationTests   : Started ProjectApplicationTests in 2.179 seconds (JVM running for 3.098)
]]></system-out>
  <system-err><![CDATA[]]></system-err>
</testsuite>
=======
<<<<<<< HEAD
<?xml version="1.0" encoding="UTF-8"?>
<testsuite name="com.example.demo.ProjectApplicationTests" tests="1" skipped="0" failures="0" errors="0" timestamp="2024-10-14T04:58:21" hostname="DESKTOP-36F7UBM" time="0.162">
  <properties/>
  <testcase name="contextLoads()" classname="com.example.demo.ProjectApplicationTests" time="0.162"/>
  <system-out><![CDATA[13:58:19.415 [Test worker] DEBUG org.springframework.test.context.BootstrapUtils - Instantiating CacheAwareContextLoaderDelegate from class [org.springframework.test.context.cache.DefaultCacheAwareContextLoaderDelegate]
13:58:19.424 [Test worker] DEBUG org.springframework.test.context.BootstrapUtils - Instantiating BootstrapContext using constructor [public org.springframework.test.context.support.DefaultBootstrapContext(java.lang.Class,org.springframework.test.context.CacheAwareContextLoaderDelegate)]
13:58:19.449 [Test worker] DEBUG org.springframework.test.context.BootstrapUtils - Instantiating TestContextBootstrapper for test class [com.example.demo.ProjectApplicationTests] from class [org.springframework.boot.test.context.SpringBootTestContextBootstrapper]
13:58:19.458 [Test worker] INFO org.springframework.boot.test.context.SpringBootTestContextBootstrapper - Neither @ContextConfiguration nor @ContextHierarchy found for test class [com.example.demo.ProjectApplicationTests], using SpringBootContextLoader
13:58:19.463 [Test worker] DEBUG org.springframework.test.context.support.AbstractContextLoader - Did not detect default resource location for test class [com.example.demo.ProjectApplicationTests]: class path resource [com/example/demo/ProjectApplicationTests-context.xml] does not exist
13:58:19.463 [Test worker] DEBUG org.springframework.test.context.support.AbstractContextLoader - Did not detect default resource location for test class [com.example.demo.ProjectApplicationTests]: class path resource [com/example/demo/ProjectApplicationTestsContext.groovy] does not exist
13:58:19.464 [Test worker] INFO org.springframework.test.context.support.AbstractContextLoader - Could not detect default resource locations for test class [com.example.demo.ProjectApplicationTests]: no resource found for suffixes {-context.xml, Context.groovy}.
13:58:19.464 [Test worker] INFO org.springframework.test.context.support.AnnotationConfigContextLoaderUtils - Could not detect default configuration classes for test class [com.example.demo.ProjectApplicationTests]: ProjectApplicationTests does not declare any static, non-private, non-final, nested classes annotated with @Configuration.
13:58:19.495 [Test worker] DEBUG org.springframework.test.context.support.ActiveProfilesUtils - Could not find an 'annotation declaring class' for annotation type [org.springframework.test.context.ActiveProfiles] and class [com.example.demo.ProjectApplicationTests]
13:58:19.548 [Test worker] DEBUG org.springframework.context.annotation.ClassPathScanningCandidateComponentProvider - Identified candidate component class: file [C:\vscode\sallybox\project\build\classes\java\main\com\example\demo\ProjectApplication.class]
13:58:19.549 [Test worker] INFO org.springframework.boot.test.context.SpringBootTestContextBootstrapper - Found @SpringBootConfiguration com.example.demo.ProjectApplication for test class com.example.demo.ProjectApplicationTests
13:58:19.621 [Test worker] DEBUG org.springframework.boot.test.context.SpringBootTestContextBootstrapper - @TestExecutionListeners is not present for class [com.example.demo.ProjectApplicationTests]: using defaults.
13:58:19.622 [Test worker] INFO org.springframework.boot.test.context.SpringBootTestContextBootstrapper - Loaded default TestExecutionListener class names from location [META-INF/spring.factories]: [org.springframework.boot.test.autoconfigure.restdocs.RestDocsTestExecutionListener, org.springframework.boot.test.autoconfigure.web.client.MockRestServiceServerResetTestExecutionListener, org.springframework.boot.test.autoconfigure.web.servlet.MockMvcPrintOnlyOnFailureTestExecutionListener, org.springframework.boot.test.autoconfigure.web.servlet.WebDriverTestExecutionListener, org.springframework.boot.test.autoconfigure.webservices.client.MockWebServiceServerTestExecutionListener, org.springframework.boot.test.mock.mockito.MockitoTestExecutionListener, org.springframework.boot.test.mock.mockito.ResetMocksTestExecutionListener, org.springframework.test.context.web.ServletTestExecutionListener, org.springframework.test.context.support.DirtiesContextBeforeModesTestExecutionListener, org.springframework.test.context.event.ApplicationEventsTestExecutionListener, org.springframework.test.context.support.DependencyInjectionTestExecutionListener, org.springframework.test.context.support.DirtiesContextTestExecutionListener, org.springframework.test.context.transaction.TransactionalTestExecutionListener, org.springframework.test.context.jdbc.SqlScriptsTestExecutionListener, org.springframework.test.context.event.EventPublishingTestExecutionListener]
13:58:19.635 [Test worker] INFO org.springframework.boot.test.context.SpringBootTestContextBootstrapper - Using TestExecutionListeners: [org.springframework.test.context.web.ServletTestExecutionListener@19835e64, org.springframework.test.context.support.DirtiesContextBeforeModesTestExecutionListener@68b32e3e, org.springframework.test.context.event.ApplicationEventsTestExecutionListener@bcef303, org.springframework.boot.test.mock.mockito.MockitoTestExecutionListener@41709512, org.springframework.boot.test.autoconfigure.SpringBootDependencyInjectionTestExecutionListener@42039326, org.springframework.test.context.support.DirtiesContextTestExecutionListener@33308786, org.springframework.test.context.transaction.TransactionalTestExecutionListener@4f9a2c08, org.springframework.test.context.jdbc.SqlScriptsTestExecutionListener@a87f8ec, org.springframework.test.context.event.EventPublishingTestExecutionListener@5443d039, org.springframework.boot.test.autoconfigure.restdocs.RestDocsTestExecutionListener@63787180, org.springframework.boot.test.autoconfigure.web.client.MockRestServiceServerResetTestExecutionListener@7d1cfb8b, org.springframework.boot.test.autoconfigure.web.servlet.MockMvcPrintOnlyOnFailureTestExecutionListener@48e92c5c, org.springframework.boot.test.autoconfigure.web.servlet.WebDriverTestExecutionListener@2e1ef60, org.springframework.boot.test.autoconfigure.webservices.client.MockWebServiceServerTestExecutionListener@22356acd, org.springframework.boot.test.mock.mockito.ResetMocksTestExecutionListener@386f0da3]
13:58:19.637 [Test worker] DEBUG org.springframework.test.context.support.AbstractDirtiesContextTestExecutionListener - Before test class: context [DefaultTestContext@1fde5d22 testClass = ProjectApplicationTests, testInstance = [null], testMethod = [null], testException = [null], mergedContextConfiguration = [WebMergedContextConfiguration@5dcb4f5f testClass = ProjectApplicationTests, locations = '{}', classes = '{class com.example.demo.ProjectApplication}', contextInitializerClasses = '[]', activeProfiles = '{}', propertySourceLocations = '{}', propertySourceProperties = '{org.springframework.boot.test.context.SpringBootTestContextBootstrapper=true}', contextCustomizers = set[org.springframework.boot.test.autoconfigure.actuate.metrics.MetricsExportContextCustomizerFactory$DisableMetricExportContextCustomizer@7bd7d6d6, org.springframework.boot.test.autoconfigure.properties.PropertyMappingContextCustomizer@0, org.springframework.boot.test.autoconfigure.web.servlet.WebDriverContextCustomizerFactory$Customizer@5fb759d6, org.springframework.boot.test.context.filter.ExcludeFilterContextCustomizer@2dfaea86, org.springframework.boot.test.json.DuplicateJsonObjectContextCustomizerFactory$DuplicateJsonObjectContextCustomizer@3feb2dda, org.springframework.boot.test.mock.mockito.MockitoContextCustomizer@0, org.springframework.boot.test.web.client.TestRestTemplateContextCustomizer@1b1cfb87, org.springframework.boot.test.context.SpringBootTestArgs@1, org.springframework.boot.test.context.SpringBootTestWebEnvironment@e056f20], resourceBasePath = 'src/main/webapp', contextLoader = 'org.springframework.boot.test.context.SpringBootContextLoader', parent = [null]], attributes = map['org.springframework.test.context.web.ServletTestExecutionListener.activateListener' -> true]], class annotated with @DirtiesContext [false] with mode [null].

  .   ____          _            __ _ _
 /\\ / ___'_ __ _ _(_)_ __  __ _ \ \ \ \
( ( )\___ | '_ | '_| | '_ \/ _` | \ \ \ \
 \\/  ___)| |_)| | | | | || (_| |  ) ) ) )
  '  |____| .__|_| |_|_| |_\__, | / / / /
 =========|_|==============|___/=/_/_/_/
 :: Spring Boot ::                (v2.7.7)

2024-10-14 13:58:19.866  INFO 14240 --- [    Test worker] c.example.demo.ProjectApplicationTests   : Starting ProjectApplicationTests using Java 1.8.0_391 on DESKTOP-36F7UBM with PID 14240 (started by itwill in C:\vscode\sallybox\project)
2024-10-14 13:58:19.867  INFO 14240 --- [    Test worker] c.example.demo.ProjectApplicationTests   : No active profile set, falling back to 1 default profile: "default"
2024-10-14 13:58:21.359  INFO 14240 --- [    Test worker] c.example.demo.ProjectApplicationTests   : Started ProjectApplicationTests in 1.695 seconds (JVM running for 2.586)
]]></system-out>
  <system-err><![CDATA[]]></system-err>
</testsuite>
=======
<?xml version="1.0" encoding="UTF-8"?>
<testsuite name="com.example.demo.ProjectApplicationTests" tests="1" skipped="0" failures="0" errors="0" timestamp="2024-10-14T04:58:21" hostname="DESKTOP-36F7UBM" time="0.162">
  <properties/>
  <testcase name="contextLoads()" classname="com.example.demo.ProjectApplicationTests" time="0.162"/>
  <system-out><![CDATA[13:58:19.415 [Test worker] DEBUG org.springframework.test.context.BootstrapUtils - Instantiating CacheAwareContextLoaderDelegate from class [org.springframework.test.context.cache.DefaultCacheAwareContextLoaderDelegate]
13:58:19.424 [Test worker] DEBUG org.springframework.test.context.BootstrapUtils - Instantiating BootstrapContext using constructor [public org.springframework.test.context.support.DefaultBootstrapContext(java.lang.Class,org.springframework.test.context.CacheAwareContextLoaderDelegate)]
13:58:19.449 [Test worker] DEBUG org.springframework.test.context.BootstrapUtils - Instantiating TestContextBootstrapper for test class [com.example.demo.ProjectApplicationTests] from class [org.springframework.boot.test.context.SpringBootTestContextBootstrapper]
13:58:19.458 [Test worker] INFO org.springframework.boot.test.context.SpringBootTestContextBootstrapper - Neither @ContextConfiguration nor @ContextHierarchy found for test class [com.example.demo.ProjectApplicationTests], using SpringBootContextLoader
13:58:19.463 [Test worker] DEBUG org.springframework.test.context.support.AbstractContextLoader - Did not detect default resource location for test class [com.example.demo.ProjectApplicationTests]: class path resource [com/example/demo/ProjectApplicationTests-context.xml] does not exist
13:58:19.463 [Test worker] DEBUG org.springframework.test.context.support.AbstractContextLoader - Did not detect default resource location for test class [com.example.demo.ProjectApplicationTests]: class path resource [com/example/demo/ProjectApplicationTestsContext.groovy] does not exist
13:58:19.464 [Test worker] INFO org.springframework.test.context.support.AbstractContextLoader - Could not detect default resource locations for test class [com.example.demo.ProjectApplicationTests]: no resource found for suffixes {-context.xml, Context.groovy}.
13:58:19.464 [Test worker] INFO org.springframework.test.context.support.AnnotationConfigContextLoaderUtils - Could not detect default configuration classes for test class [com.example.demo.ProjectApplicationTests]: ProjectApplicationTests does not declare any static, non-private, non-final, nested classes annotated with @Configuration.
13:58:19.495 [Test worker] DEBUG org.springframework.test.context.support.ActiveProfilesUtils - Could not find an 'annotation declaring class' for annotation type [org.springframework.test.context.ActiveProfiles] and class [com.example.demo.ProjectApplicationTests]
13:58:19.548 [Test worker] DEBUG org.springframework.context.annotation.ClassPathScanningCandidateComponentProvider - Identified candidate component class: file [C:\vscode\sallybox\project\build\classes\java\main\com\example\demo\ProjectApplication.class]
13:58:19.549 [Test worker] INFO org.springframework.boot.test.context.SpringBootTestContextBootstrapper - Found @SpringBootConfiguration com.example.demo.ProjectApplication for test class com.example.demo.ProjectApplicationTests
13:58:19.621 [Test worker] DEBUG org.springframework.boot.test.context.SpringBootTestContextBootstrapper - @TestExecutionListeners is not present for class [com.example.demo.ProjectApplicationTests]: using defaults.
13:58:19.622 [Test worker] INFO org.springframework.boot.test.context.SpringBootTestContextBootstrapper - Loaded default TestExecutionListener class names from location [META-INF/spring.factories]: [org.springframework.boot.test.autoconfigure.restdocs.RestDocsTestExecutionListener, org.springframework.boot.test.autoconfigure.web.client.MockRestServiceServerResetTestExecutionListener, org.springframework.boot.test.autoconfigure.web.servlet.MockMvcPrintOnlyOnFailureTestExecutionListener, org.springframework.boot.test.autoconfigure.web.servlet.WebDriverTestExecutionListener, org.springframework.boot.test.autoconfigure.webservices.client.MockWebServiceServerTestExecutionListener, org.springframework.boot.test.mock.mockito.MockitoTestExecutionListener, org.springframework.boot.test.mock.mockito.ResetMocksTestExecutionListener, org.springframework.test.context.web.ServletTestExecutionListener, org.springframework.test.context.support.DirtiesContextBeforeModesTestExecutionListener, org.springframework.test.context.event.ApplicationEventsTestExecutionListener, org.springframework.test.context.support.DependencyInjectionTestExecutionListener, org.springframework.test.context.support.DirtiesContextTestExecutionListener, org.springframework.test.context.transaction.TransactionalTestExecutionListener, org.springframework.test.context.jdbc.SqlScriptsTestExecutionListener, org.springframework.test.context.event.EventPublishingTestExecutionListener]
13:58:19.635 [Test worker] INFO org.springframework.boot.test.context.SpringBootTestContextBootstrapper - Using TestExecutionListeners: [org.springframework.test.context.web.ServletTestExecutionListener@19835e64, org.springframework.test.context.support.DirtiesContextBeforeModesTestExecutionListener@68b32e3e, org.springframework.test.context.event.ApplicationEventsTestExecutionListener@bcef303, org.springframework.boot.test.mock.mockito.MockitoTestExecutionListener@41709512, org.springframework.boot.test.autoconfigure.SpringBootDependencyInjectionTestExecutionListener@42039326, org.springframework.test.context.support.DirtiesContextTestExecutionListener@33308786, org.springframework.test.context.transaction.TransactionalTestExecutionListener@4f9a2c08, org.springframework.test.context.jdbc.SqlScriptsTestExecutionListener@a87f8ec, org.springframework.test.context.event.EventPublishingTestExecutionListener@5443d039, org.springframework.boot.test.autoconfigure.restdocs.RestDocsTestExecutionListener@63787180, org.springframework.boot.test.autoconfigure.web.client.MockRestServiceServerResetTestExecutionListener@7d1cfb8b, org.springframework.boot.test.autoconfigure.web.servlet.MockMvcPrintOnlyOnFailureTestExecutionListener@48e92c5c, org.springframework.boot.test.autoconfigure.web.servlet.WebDriverTestExecutionListener@2e1ef60, org.springframework.boot.test.autoconfigure.webservices.client.MockWebServiceServerTestExecutionListener@22356acd, org.springframework.boot.test.mock.mockito.ResetMocksTestExecutionListener@386f0da3]
13:58:19.637 [Test worker] DEBUG org.springframework.test.context.support.AbstractDirtiesContextTestExecutionListener - Before test class: context [DefaultTestContext@1fde5d22 testClass = ProjectApplicationTests, testInstance = [null], testMethod = [null], testException = [null], mergedContextConfiguration = [WebMergedContextConfiguration@5dcb4f5f testClass = ProjectApplicationTests, locations = '{}', classes = '{class com.example.demo.ProjectApplication}', contextInitializerClasses = '[]', activeProfiles = '{}', propertySourceLocations = '{}', propertySourceProperties = '{org.springframework.boot.test.context.SpringBootTestContextBootstrapper=true}', contextCustomizers = set[org.springframework.boot.test.autoconfigure.actuate.metrics.MetricsExportContextCustomizerFactory$DisableMetricExportContextCustomizer@7bd7d6d6, org.springframework.boot.test.autoconfigure.properties.PropertyMappingContextCustomizer@0, org.springframework.boot.test.autoconfigure.web.servlet.WebDriverContextCustomizerFactory$Customizer@5fb759d6, org.springframework.boot.test.context.filter.ExcludeFilterContextCustomizer@2dfaea86, org.springframework.boot.test.json.DuplicateJsonObjectContextCustomizerFactory$DuplicateJsonObjectContextCustomizer@3feb2dda, org.springframework.boot.test.mock.mockito.MockitoContextCustomizer@0, org.springframework.boot.test.web.client.TestRestTemplateContextCustomizer@1b1cfb87, org.springframework.boot.test.context.SpringBootTestArgs@1, org.springframework.boot.test.context.SpringBootTestWebEnvironment@e056f20], resourceBasePath = 'src/main/webapp', contextLoader = 'org.springframework.boot.test.context.SpringBootContextLoader', parent = [null]], attributes = map['org.springframework.test.context.web.ServletTestExecutionListener.activateListener' -> true]], class annotated with @DirtiesContext [false] with mode [null].

  .   ____          _            __ _ _
 /\\ / ___'_ __ _ _(_)_ __  __ _ \ \ \ \
( ( )\___ | '_ | '_| | '_ \/ _` | \ \ \ \
 \\/  ___)| |_)| | | | | || (_| |  ) ) ) )
  '  |____| .__|_| |_|_| |_\__, | / / / /
 =========|_|==============|___/=/_/_/_/
 :: Spring Boot ::                (v2.7.7)

2024-10-14 13:58:19.866  INFO 14240 --- [    Test worker] c.example.demo.ProjectApplicationTests   : Starting ProjectApplicationTests using Java 1.8.0_391 on DESKTOP-36F7UBM with PID 14240 (started by itwill in C:\vscode\sallybox\project)
2024-10-14 13:58:19.867  INFO 14240 --- [    Test worker] c.example.demo.ProjectApplicationTests   : No active profile set, falling back to 1 default profile: "default"
2024-10-14 13:58:21.359  INFO 14240 --- [    Test worker] c.example.demo.ProjectApplicationTests   : Started ProjectApplicationTests in 1.695 seconds (JVM running for 2.586)
]]></system-out>
  <system-err><![CDATA[]]></system-err>
</testsuite>
>>>>>>> 963c018b77b364d1a5310fbcfa99d105fdfe1969
>>>>>>> 994e26a085e7990e950add20e7965335133f8c85
